Created by PLY version 3.11 (http://www.dabeaz.com/ply)

Unused terminals:

    BINARIO
    DOMINO
    EOF
    HEXADECIMAL
    MAYA
    OCTAL
    ROMANO

Grammar

Rule 0     S' -> conversion
Rule 1     conversion -> NUMERO sistema_conversion
Rule 2     sistema_conversion -> ID

Terminals, with rules where they appear

BINARIO              : 
DOMINO               : 
EOF                  : 
HEXADECIMAL          : 
ID                   : 2
MAYA                 : 
NUMERO               : 1
OCTAL                : 
ROMANO               : 
error                : 

Nonterminals, with rules where they appear

conversion           : 0
sistema_conversion   : 1

Parsing method: LALR

state 0

    (0) S' -> . conversion
    (1) conversion -> . NUMERO sistema_conversion

    NUMERO          shift and go to state 2

    conversion                     shift and go to state 1

state 1

    (0) S' -> conversion .



state 2

    (1) conversion -> NUMERO . sistema_conversion
    (2) sistema_conversion -> . ID

    ID              shift and go to state 4

    sistema_conversion             shift and go to state 3

state 3

    (1) conversion -> NUMERO sistema_conversion .

    $end            reduce using rule 1 (conversion -> NUMERO sistema_conversion .)


state 4

    (2) sistema_conversion -> ID .

    $end            reduce using rule 2 (sistema_conversion -> ID .)

